<?xml version="1.0" encoding="UTF-8"?>
<!-- Generated by org.testng.reporters.JUnitReportReporter -->
<testsuite skipped="0" hostname="Admin-PC" name="testNG.P7" tests="4" failures="0" timestamp="17 Aug 2020 02:32:17 GMT" time="0.008" errors="0">
  <testcase name="createUser" time="0.006" classname="testNG.P7"/>
  <testcase name="createUser" time="0.001" classname="testNG.P7"/>
  <testcase name="editUser" time="0.000" classname="testNG.P7"/>
  <testcase name="deleteUser" time="0.001" classname="testNG.P7"/>
</testsuite> <!-- testNG.P7 -->
