<?xml version="1.0" encoding="UTF-8"?>
<!-- Generated by org.testng.reporters.JUnitReportReporter -->
<testsuite skipped="0" hostname="Admin-PC" name="testNG.P15" tests="2" failures="0" timestamp="18 Aug 2020 02:48:34 GMT" time="0.004" errors="0">
  <testcase name="testA" time="0.003" classname="testNG.P15"/>
  <testcase name="testB" time="0.001" classname="testNG.P15"/>
</testsuite> <!-- testNG.P15 -->
