<?xml version="1.0" encoding="UTF-8"?>
<!-- Generated by org.testng.reporters.JUnitReportReporter -->
<testsuite skipped="0" hostname="Admin-PC" name="testNG.P5" tests="4" failures="0" timestamp="14 Aug 2020 03:33:18 GMT" time="0.009" errors="0">
  <testcase name="dinga" time="0.006" classname="testNG.P5"/>
  <testcase name="bazinga" time="0.001" classname="testNG.P5"/>
  <testcase name="zinga" time="0.001" classname="testNG.P5"/>
  <testcase name="dingi" time="0.001" classname="testNG.P5"/>
</testsuite> <!-- testNG.P5 -->
