<?xml version="1.0" encoding="UTF-8"?>
<!-- Generated by org.testng.reporters.JUnitReportReporter -->
<testsuite skipped="0" hostname="Admin-PC" name="testNG.P3" tests="4" failures="0" timestamp="14 Aug 2020 03:31:05 GMT" time="0.007" errors="0">
  <testcase name="car" time="0.005" classname="testNG.P3"/>
  <testcase name="jackFruit" time="0.001" classname="testNG.P3"/>
  <testcase name="grapes" time="0.001" classname="testNG.P3"/>
  <testcase name="pineApple" time="0.000" classname="testNG.P3"/>
</testsuite> <!-- testNG.P3 -->
