<?xml version="1.0" encoding="UTF-8"?>
<!-- Generated by org.testng.reporters.JUnitReportReporter -->
<testsuite skipped="0" hostname="Admin-PC" name="testNG.P16" tests="2" failures="0" timestamp="18 Aug 2020 02:54:57 GMT" time="0.006" errors="0">
  <testcase name="banana" time="0.005" classname="testNG.P16"/>
  <testcase name="ginger" time="0.001" classname="testNG.P16"/>
</testsuite> <!-- testNG.P16 -->
