<?xml version="1.0" encoding="UTF-8"?>
<!-- Generated by org.testng.reporters.JUnitReportReporter -->
<testsuite skipped="0" hostname="Admin-PC" name="testNG.P2" tests="4" failures="0" timestamp="14 Aug 2020 02:43:46 GMT" time="0.012" errors="0">
  <testcase name="jackFruit" time="0.001" classname="testNG.P2"/>
  <testcase name="grapes" time="0.001" classname="testNG.P2"/>
  <testcase name="pineApple" time="0.001" classname="testNG.P2"/>
  <testcase name="car" time="0.009" classname="testNG.P2"/>
</testsuite> <!-- testNG.P2 -->
