<?xml version="1.0" encoding="UTF-8"?>
<!-- Generated by org.testng.reporters.JUnitReportReporter -->
<testsuite skipped="0" hostname="Admin-PC" name="testNG.P8" tests="3" failures="0" timestamp="17 Aug 2020 02:36:45 GMT" time="0.008" errors="0">
  <testcase name="createUser" time="0.006" classname="testNG.P8"/>
  <testcase name="editUser" time="0.001" classname="testNG.P8"/>
  <testcase name="deleteUser" time="0.001" classname="testNG.P8"/>
</testsuite> <!-- testNG.P8 -->
