<?xml version="1.0" encoding="UTF-8"?>
<!-- Generated by org.testng.reporters.JUnitReportReporter -->
<testsuite skipped="0" hostname="Admin-PC" name="testNG.P6" tests="10" failures="0" timestamp="14 Aug 2020 03:49:40 GMT" time="0.013" errors="0">
  <testcase name="banana" time="0.001" classname="testNG.P6"/>
  <testcase name="banana" time="0.006" classname="testNG.P6"/>
  <testcase name="banana" time="0.001" classname="testNG.P6"/>
  <testcase name="banana" time="0.000" classname="testNG.P6"/>
  <testcase name="banana" time="0.000" classname="testNG.P6"/>
  <testcase name="carrot" time="0.001" classname="testNG.P6"/>
  <testcase name="carrot" time="0.001" classname="testNG.P6"/>
  <testcase name="apple" time="0.001" classname="testNG.P6"/>
  <testcase name="apple" time="0.001" classname="testNG.P6"/>
  <testcase name="apple" time="0.001" classname="testNG.P6"/>
</testsuite> <!-- testNG.P6 -->
